[2025-08-20 12:35:30] New user registered: admin@test.com
[2025-08-20 12:35:52] User admin@test.com logged in.
[2025-08-20 12:44:23] User admin@test.com logged in.
[2025-08-20 12:46:27] User admin@test.com logged in.
[2025-08-20 13:26:21] User admin@test.com logged in.
[2025-08-20 13:26:50] User admin@test.com logged in.
[2025-08-20 13:31:24] User admin@test.com logged in.
[2025-08-20 14:01:49] User admin@test.com logged in.
[2025-08-20 14:21:01] User admin@test.com logged in.
[2025-08-20 14:24:20] User admin@test.com logged in.
[2025-08-20 14:24:53] User admin@test.com logged in.
[2025-08-20 14:26:10] User admin@test.com logged in.
[2025-08-20 14:26:24] User admin@test.com logged in.
[2025-08-20 14:27:42] User admin@test.com logged in.
[2025-08-20 14:48:41] User admin@test.com logged in.
[2025-08-20 15:11:45] User admin@test.com logged in.
[2025-08-20 15:20:21] User admin@test.com logged in.
[2025-08-20 15:46:15] User admin@test.com logged in.
[2025-08-20 15:48:00] User admin@test.com logged in.
[2025-08-20 15:55:49] User admin@test.com logged in.
[2025-08-20 15:57:54] User admin@test.com logged in.
[2025-08-20 15:59:20] User admin@test.com logged in.
[2025-08-20 16:03:08] User admin@test.com logged in.
[2025-08-20 18:17:34] User admin logged out.
[2025-08-20 18:18:46] User admin@test.com logged in.
[2025-08-20 18:18:57] User admin logged out.
[2025-08-20 18:23:38] User admin@test.com logged in.
[2025-08-20 18:25:12] User admin logged out.
[2025-08-20 18:25:23] User admin@test.dev logged in.
[2025-08-20 19:12:59] User ayman logged out.
[2025-08-20 19:15:14] User admin@test.com logged in.
[2025-08-20 19:17:19] User admin logged out.
[2025-08-20 19:17:33] User admin@test.dev logged in.
[2025-08-20 19:17:40] User ayman logged out.
[2025-08-20 19:17:50] User admin@test.com logged in.
[2025-08-20 19:18:05] User admin logged out.
[2025-08-20 19:18:15] User admin@test.dev logged in.
[2025-08-20 19:18:28] User ayman logged out.
[2025-08-20 19:18:33] User admin@test.com logged in.
[2025-08-21 05:09:03] User admin logged out.
